Not Found: /favicon.ico
"GET /favicon.ico HTTP/1.1" 404 3273
Not Found: /favicon.ico
"GET /favicon.ico HTTP/1.1" 404 3273
Forbidden (CSRF token from POST incorrect.): /user/login/
Forbidden (CSRF token from POST incorrect.): /user/login/
"POST /user/login/?next=/ HTTP/1.1" 403 2503
Forbidden (CSRF token from POST incorrect.): /user/login/
Forbidden (CSRF token from POST incorrect.): /user/login/
"POST /user/login/?next=/ HTTP/1.1" 403 2503
Not Found: /favicon.ico
"GET /favicon.ico HTTP/1.1" 404 3273
Forbidden (CSRF token from POST incorrect.): /user/login/
Forbidden (CSRF token from POST incorrect.): /user/login/
"POST /user/login/?next=/ HTTP/1.1" 403 2503
Not Found: /favicon.ico
"GET /favicon.ico HTTP/1.1" 404 3273
Not Found: /favicon.ico
"GET /favicon.ico HTTP/1.1" 404 3273
Not Found: /favicon.ico
"GET /favicon.ico HTTP/1.1" 404 3273
Forbidden (CSRF token from POST incorrect.): /user/login/
Forbidden (CSRF token from POST incorrect.): /user/login/
"POST /user/login/?next=/ HTTP/1.1" 403 2503
Not Found: /favicon.ico
"GET /favicon.ico HTTP/1.1" 404 3273
Not Found: /favicon.ico
"GET /favicon.ico HTTP/1.1" 404 3273
Not Found: /favicon.ico
"GET /favicon.ico HTTP/1.1" 404 3273
Not Found: /favicon.ico
"GET /favicon.ico HTTP/1.1" 404 3273
Not Found: /favicon.ico
"GET /favicon.ico HTTP/1.1" 404 3273
Not Found: /favicon.ico
"GET /favicon.ico HTTP/1.1" 404 3273
Not Found: /favicon.ico
"GET /favicon.ico HTTP/1.1" 404 3273
Not Found: /favicon.ico
"GET /favicon.ico HTTP/1.1" 404 3273
Not Found: /favicon.ico
"GET /favicon.ico HTTP/1.1" 404 3273
Not Found: /login/
"GET /login/ HTTP/1.1" 404 3517
Not Found: /favicon.ico
"GET /favicon.ico HTTP/1.1" 404 3532
Unauthorized: /user/login/
"GET /user/login/ HTTP/1.1" 401 3754
Unauthorized: /user/login/
"GET /user/login/ HTTP/1.1" 401 3754
Unauthorized: /user/login/
"GET /user/login/ HTTP/1.1" 401 3754
Unauthorized: /user/login/
"GET /user/login/ HTTP/1.1" 401 3754
Unauthorized: /user/login/
"GET /user/login/ HTTP/1.1" 401 3754
Not Found: /user
"GET /user HTTP/1.1" 404 3511
Not Found: /user/
"GET /user/ HTTP/1.1" 404 6872
Unauthorized: /user/login/
"GET /user/login/ HTTP/1.1" 401 3754
Not Found: /favicon.ico
"GET /favicon.ico HTTP/1.1" 404 3273
Not Found: /favicon.ico
"GET /favicon.ico HTTP/1.1" 404 3273
